<?xml version="1.0" encoding="UTF-8"?>
<!-- Generated by org.testng.reporters.JUnitReportReporter -->
<testsuite hostname="IB-Pune-LAP-200" failures="0" tests="2" name="testCases.ErrorValidationTest" time="6.617" errors="0" timestamp="2022-10-10T13:06:16 IST" skipped="0">
  <testcase classname="testCases.ErrorValidationTest" name="productErrorValidation" time="4.251"/>
  <system-out/>
  <testcase classname="testCases.ErrorValidationTest" name="loginErrorValidation" time="2.366"/>
  <system-out/>
</testsuite> <!-- testCases.ErrorValidationTest -->
